<?xml version="1.0" encoding="UTF-8"?>
<testng-results ignored="1" total="2" passed="1" failed="0" skipped="0">
  <reporter-output>
  </reporter-output>
  <suite started-at="2025-05-11T18:40:03 IST" name="Default suite" finished-at="2025-05-11T18:40:38 IST" duration-ms="35187">
    <groups>
    </groups>
    <test started-at="2025-05-11T18:40:03 IST" name="Default test" finished-at="2025-05-11T18:40:38 IST" duration-ms="35187">
      <class name="TestScriptClinic.Staff_Doctors_multipleWindowHandlingTest">
        <test-method is-config="true" signature="beforeMethod()[pri:0, instance:TestScriptClinic.Staff_Doctors_multipleWindowHandlingTest@1afd44cb]" started-at="2025-05-11T18:40:03 IST" name="beforeMethod" finished-at="2025-05-11T18:40:13 IST" duration-ms="10101" status="PASS">
          <reporter-output>
          </reporter-output>
        </test-method> <!-- beforeMethod -->
        <test-method signature="framehandling()[pri:0, instance:TestScriptClinic.Staff_Doctors_multipleWindowHandlingTest@1afd44cb]" started-at="2025-05-11T18:40:13 IST" name="framehandling" finished-at="2025-05-11T18:40:38 IST" duration-ms="25042" status="PASS">
          <reporter-output>
          </reporter-output>
        </test-method> <!-- framehandling -->
      </class> <!-- TestScriptClinic.Staff_Doctors_multipleWindowHandlingTest -->
    </test> <!-- Default test -->
  </suite> <!-- Default suite -->
</testng-results>
