<?xml version="1.0" encoding="UTF-8"?>
<!-- Generated by org.testng.reporters.JUnitXMLReporter -->
<testsuite ignored="1" hostname="Anu" failures="0" tests="1" name="Default test" time="35.187" errors="0" timestamp="2025-05-11T18:40:38 IST">
  <testcase classname="TestScriptClinic.Staff_Doctors_multipleWindowHandlingTest" name="framehandling" time="25.042"/>
  <testcase classname="TestScriptClinic.Staff_Doctors_multipleWindowHandlingTest" name="isUserAbleToNavigateToStaffPage1" time="0.0">
    <ignored/>
  </testcase> <!-- isUserAbleToNavigateToStaffPage1 -->
</testsuite> <!-- Default test -->
